<?xml version="1.0" encoding="UTF-8"?>
<!-- Generated by org.testng.reporters.JUnitXMLReporter -->
<testsuite ignored="1" hostname="DESKTOP-HSMH7BK" failures="0" tests="1" name="Default test" time="15.546" errors="0" timestamp="2020-10-07T18:19:41 IST">
  <testcase classname="com.qa.assignment1.testcases.AlertsPageTest" name="alertPageTitleTest" time="0.085"/>
  <testcase classname="com.qa.assignment1.testcases.AlertsPageTest" name="verifyAlertwithOKButtonTest" time="0.0">
    <ignored/>
  </testcase> <!-- verifyAlertwithOKButtonTest -->
</testsuite> <!-- Default test -->
