<?xml version="1.0" encoding="UTF-8"?>
<!-- Generated by org.testng.reporters.JUnitXMLReporter -->
<testsuite ignored="1" hostname="DESKTOP-HSMH7BK" failures="0" tests="5" name="Assignment1 App Test Cases" time="67.154" errors="0" timestamp="2020-10-07T18:21:25 IST">
  <testcase classname="com.qa.assignment1.testcases.RegisterPageTest" name="registerPageTitleTest" time="0.047"/>
  <testcase classname="com.qa.assignment1.testcases.RegisterPageTest" name="validateRegisterNewContact" time="0.403"/>
  <testcase classname="com.qa.assignment1.testcases.RegisterPageTest" name="validateRegisterNewContact" time="0.478"/>
  <testcase classname="com.qa.assignment1.testcases.RegisterPageTest" name="validateRegisterNewContact" time="0.452"/>
  <testcase classname="com.qa.assignment1.testcases.AlertsPageTest" name="alertPageTitleTest" time="0.068"/>
  <testcase classname="com.qa.assignment1.testcases.AlertsPageTest" name="verifyAlertwithOKButtonTest" time="0.0">
    <ignored/>
  </testcase> <!-- verifyAlertwithOKButtonTest -->
</testsuite> <!-- Assignment1 App Test Cases -->
