<?xml version="1.0" encoding="UTF-8"?>
<testng-results ignored="1" total="6" passed="5" failed="0" skipped="0">
  <reporter-output>
  </reporter-output>
  <suite started-at="2020-10-07T18:20:18 IST" name="Assignment1 Application Test Automation Test Suite" finished-at="2020-10-07T18:21:25 IST" duration-ms="67154">
    <groups>
    </groups>
    <test started-at="2020-10-07T18:20:18 IST" name="Assignment1 App Test Cases" finished-at="2020-10-07T18:21:25 IST" duration-ms="67154">
      <class name="com.qa.assignment1.testcases.AlertsPageTest">
        <test-method is-config="true" signature="setUp()[pri:0, instance:com.qa.assignment1.testcases.AlertsPageTest@2141a12]" started-at="2020-10-07T18:21:11 IST" name="setUp" finished-at="2020-10-07T18:21:24 IST" duration-ms="13718" status="PASS">
          <reporter-output>
          </reporter-output>
        </test-method> <!-- setUp -->
        <test-method signature="alertPageTitleTest()[pri:1, instance:com.qa.assignment1.testcases.AlertsPageTest@2141a12]" started-at="2020-10-07T18:21:24 IST" name="alertPageTitleTest" finished-at="2020-10-07T18:21:24 IST" duration-ms="68" status="PASS">
          <reporter-output>
          </reporter-output>
        </test-method> <!-- alertPageTitleTest -->
        <test-method is-config="true" signature="tearDown()[pri:0, instance:com.qa.assignment1.testcases.AlertsPageTest@2141a12]" started-at="2020-10-07T18:21:24 IST" name="tearDown" finished-at="2020-10-07T18:21:25 IST" duration-ms="950" status="PASS">
          <reporter-output>
          </reporter-output>
        </test-method> <!-- tearDown -->
      </class> <!-- com.qa.assignment1.testcases.AlertsPageTest -->
      <class name="com.qa.assignment1.testcases.RegisterPageTest">
        <test-method is-config="true" signature="setUp()[pri:0, instance:com.qa.assignment1.testcases.RegisterPageTest@7fcf2fc1]" started-at="2020-10-07T18:20:18 IST" name="setUp" finished-at="2020-10-07T18:20:30 IST" duration-ms="12338" status="PASS">
          <reporter-output>
          </reporter-output>
        </test-method> <!-- setUp -->
        <test-method signature="registerPageTitleTest()[pri:1, instance:com.qa.assignment1.testcases.RegisterPageTest@7fcf2fc1]" started-at="2020-10-07T18:20:30 IST" name="registerPageTitleTest" finished-at="2020-10-07T18:20:31 IST" duration-ms="47" status="PASS">
          <reporter-output>
          </reporter-output>
        </test-method> <!-- registerPageTitleTest -->
        <test-method is-config="true" signature="tearDown()[pri:0, instance:com.qa.assignment1.testcases.RegisterPageTest@7fcf2fc1]" started-at="2020-10-07T18:20:31 IST" name="tearDown" finished-at="2020-10-07T18:20:32 IST" duration-ms="954" status="PASS">
          <reporter-output>
          </reporter-output>
        </test-method> <!-- tearDown -->
        <test-method is-config="true" signature="setUp()[pri:0, instance:com.qa.assignment1.testcases.RegisterPageTest@7fcf2fc1]" started-at="2020-10-07T18:20:32 IST" name="setUp" finished-at="2020-10-07T18:20:44 IST" duration-ms="11701" status="PASS">
          <reporter-output>
          </reporter-output>
        </test-method> <!-- setUp -->
        <test-method signature="validateRegisterNewContact(java.lang.String, java.lang.String)[pri:4, instance:com.qa.assignment1.testcases.RegisterPageTest@7fcf2fc1]" started-at="2020-10-07T18:20:44 IST" name="validateRegisterNewContact" data-provider="getAssignment1TestData" finished-at="2020-10-07T18:20:45 IST" duration-ms="403" status="PASS">
          <params>
            <param index="0">
              <value>
                <![CDATA[Tom]]>
              </value>
            </param>
            <param index="1">
              <value>
                <![CDATA[Peter]]>
              </value>
            </param>
          </params>
          <reporter-output>
          </reporter-output>
        </test-method> <!-- validateRegisterNewContact -->
        <test-method is-config="true" signature="tearDown()[pri:0, instance:com.qa.assignment1.testcases.RegisterPageTest@7fcf2fc1]" started-at="2020-10-07T18:20:45 IST" name="tearDown" finished-at="2020-10-07T18:20:45 IST" duration-ms="835" status="PASS">
          <reporter-output>
          </reporter-output>
        </test-method> <!-- tearDown -->
        <test-method is-config="true" signature="setUp()[pri:0, instance:com.qa.assignment1.testcases.RegisterPageTest@7fcf2fc1]" started-at="2020-10-07T18:20:45 IST" name="setUp" finished-at="2020-10-07T18:20:57 IST" duration-ms="11260" status="PASS">
          <reporter-output>
          </reporter-output>
        </test-method> <!-- setUp -->
        <test-method signature="validateRegisterNewContact(java.lang.String, java.lang.String)[pri:4, instance:com.qa.assignment1.testcases.RegisterPageTest@7fcf2fc1]" started-at="2020-10-07T18:20:57 IST" name="validateRegisterNewContact" data-provider="getAssignment1TestData" finished-at="2020-10-07T18:20:57 IST" duration-ms="478" status="PASS">
          <params>
            <param index="0">
              <value>
                <![CDATA[David]]>
              </value>
            </param>
            <param index="1">
              <value>
                <![CDATA[Cris]]>
              </value>
            </param>
          </params>
          <reporter-output>
          </reporter-output>
        </test-method> <!-- validateRegisterNewContact -->
        <test-method is-config="true" signature="tearDown()[pri:0, instance:com.qa.assignment1.testcases.RegisterPageTest@7fcf2fc1]" started-at="2020-10-07T18:20:57 IST" name="tearDown" finished-at="2020-10-07T18:20:58 IST" duration-ms="857" status="PASS">
          <reporter-output>
          </reporter-output>
        </test-method> <!-- tearDown -->
        <test-method is-config="true" signature="setUp()[pri:0, instance:com.qa.assignment1.testcases.RegisterPageTest@7fcf2fc1]" started-at="2020-10-07T18:20:58 IST" name="setUp" finished-at="2020-10-07T18:21:09 IST" duration-ms="11109" status="PASS">
          <reporter-output>
          </reporter-output>
        </test-method> <!-- setUp -->
        <test-method signature="validateRegisterNewContact(java.lang.String, java.lang.String)[pri:4, instance:com.qa.assignment1.testcases.RegisterPageTest@7fcf2fc1]" started-at="2020-10-07T18:21:09 IST" name="validateRegisterNewContact" data-provider="getAssignment1TestData" finished-at="2020-10-07T18:21:10 IST" duration-ms="452" status="PASS">
          <params>
            <param index="0">
              <value>
                <![CDATA[Mukta]]>
              </value>
            </param>
            <param index="1">
              <value>
                <![CDATA[Sharma]]>
              </value>
            </param>
          </params>
          <reporter-output>
          </reporter-output>
        </test-method> <!-- validateRegisterNewContact -->
        <test-method is-config="true" signature="tearDown()[pri:0, instance:com.qa.assignment1.testcases.RegisterPageTest@7fcf2fc1]" started-at="2020-10-07T18:21:10 IST" name="tearDown" finished-at="2020-10-07T18:21:11 IST" duration-ms="909" status="PASS">
          <reporter-output>
          </reporter-output>
        </test-method> <!-- tearDown -->
      </class> <!-- com.qa.assignment1.testcases.RegisterPageTest -->
    </test> <!-- Assignment1 App Test Cases -->
  </suite> <!-- Assignment1 Application Test Automation Test Suite -->
</testng-results>
